\BOOKMARK [0][]{chapter.1}{1 Introduction}{}% 1
\BOOKMARK [1][-]{section.1.1}{1.1 Thesis Organization}{chapter.1}% 2
\BOOKMARK [1][-]{section.1.2}{1.2 Research Questions}{chapter.1}% 3
\BOOKMARK [1][-]{section.1.3}{1.3 Related Work}{chapter.1}% 4
\BOOKMARK [0][]{chapter.2}{2 Methods}{}% 5
\BOOKMARK [1][-]{section.2.1}{2.1 Recurrent Neural Networks}{chapter.2}% 6
\BOOKMARK [1][-]{section.2.2}{2.2 Long Short-Term Memory}{chapter.2}% 7
\BOOKMARK [1][-]{section.2.3}{2.3 Sequence to Sequence Model Architecture}{chapter.2}% 8
\BOOKMARK [1][-]{section.2.4}{2.4 Incremental Learning}{chapter.2}% 9
\BOOKMARK [1][-]{section.2.5}{2.5 Transfer Learning}{chapter.2}% 10
\BOOKMARK [1][-]{section.2.6}{2.6 Active Learning}{chapter.2}% 11
\BOOKMARK [0][]{chapter.3}{3 Adaptive Learning Strategies}{}% 12
\BOOKMARK [1][-]{section.3.1}{3.1 Model Details}{chapter.3}% 13
\BOOKMARK [1][-]{section.3.2}{3.2 Datasets and Evaluation Metric}{chapter.3}% 14
\BOOKMARK [1][-]{section.3.3}{3.3 Experimental Setups}{chapter.3}% 15
\BOOKMARK [1][-]{section.3.4}{3.4 Incremental Learning Strategies}{chapter.3}% 16
\BOOKMARK [2][-]{subsection.3.4.1}{3.4.1 Incremental Learning with Data Pooling \(IL1\)}{section.3.4}% 17
\BOOKMARK [2][-]{subsection.3.4.2}{3.4.2 Incremental Learning without Data Pooling \(IL2\)}{section.3.4}% 18
\BOOKMARK [2][-]{subsection.3.4.3}{3.4.3 Incremental Learning with Network Expansion \(IL-NE\)}{section.3.4}% 19
\BOOKMARK [2][-]{subsection.3.4.4}{3.4.4 Incremental Learning Baseline \(IL3\)}{section.3.4}% 20
\BOOKMARK [2][-]{subsection.3.4.5}{3.4.5 Model Regularization in Incremental Learning}{section.3.4}% 21
\BOOKMARK [1][-]{section.3.5}{3.5 Transfer Learning Strategies}{chapter.3}% 22
\BOOKMARK [1][-]{section.3.6}{3.6 Active Learning Strategies}{chapter.3}% 23
\BOOKMARK [0][]{chapter.4}{4 Results}{}% 24
\BOOKMARK [1][-]{section.4.1}{4.1 Neural Paraphrase Generation with Incremental Learning}{chapter.4}% 25
\BOOKMARK [1][-]{section.4.2}{4.2 Neural Paraphrase Generation with Transfer Learning}{chapter.4}% 26
\BOOKMARK [1][-]{section.4.3}{4.3 Neural Paraphrase Generation with Active Learning}{chapter.4}% 27
\BOOKMARK [1][-]{section.4.4}{4.4 Neural Paraphrase Generation with Network Expansion}{chapter.4}% 28
\BOOKMARK [1][-]{section.4.5}{4.5 Combining Different Strategies}{chapter.4}% 29
\BOOKMARK [1][-]{section.4.6}{4.6 Discussion}{chapter.4}% 30
\BOOKMARK [0][]{chapter.5}{5 Conclusion}{}% 31
\BOOKMARK [0][]{chapter.6}{6 Future Work}{}% 32
\BOOKMARK [0][]{section*.5}{Bibliography}{}% 33
